<?xml version="1.0" encoding="UTF-8"?>
<!-- Generated by org.testng.reporters.JUnitXMLReporter -->
<testsuite hostname="KiLLeR-PC" ignored="0" name="Regression - Dev Environment" tests="3" failures="0" timestamp="14 May 2022 02:21:37 GMT" time="0.18" errors="0">
  <testcase name="createAccount" time="0.026" classname="org.testNgEx2.AccountManager2"/>
  <testcase name="deleteAccount" time="0.005" classname="org.testNgEx2.AccountManager2"/>
  <testcase name="updateAccount" time="0.004" classname="org.testNgEx2.AccountManager2"/>
</testsuite> <!-- Regression - Dev Environment -->
