<?xml version="1.0" encoding="UTF-8"?>
<!-- Generated by org.testng.reporters.JUnitXMLReporter -->
<testsuite hostname="KiLLeR-PC" ignored="0" name="Regression - QA Environment" tests="3" failures="0" timestamp="14 May 2022 02:21:37 GMT" time="0.071" errors="0">
  <testcase name="createCustomer" time="0.004" classname="org.testNgEx2.CustomerManager2"/>
  <testcase name="deleteCustomer" time="0.005" classname="org.testNgEx2.CustomerManager2"/>
  <testcase name="updateCustomer" time="0.012" classname="org.testNgEx2.CustomerManager2"/>
</testsuite> <!-- Regression - QA Environment -->
