<?xml version="1.0" encoding="UTF-8"?>
<!-- Generated by org.testng.reporters.JUnitXMLReporter -->
<testsuite hostname="KiLLeR-PC" ignored="0" name="Smoke" tests="3" failures="0" timestamp="14 May 2022 04:46:47 GMT" time="0.195" errors="0">
  <testcase name="createAccount" time="0.077" classname="org.testNgEx2.AccParaEx1"/>
  <testcase name="deleteAccount" time="0.006" classname="org.testNgEx2.AccParaEx1"/>
  <testcase name="updateAccount" time="0.008" classname="org.testNgEx2.AccParaEx1"/>
</testsuite> <!-- Smoke -->
