<?xml version="1.0" encoding="UTF-8"?>
<testng-results skipped="0" failed="0" ignored="4" total="10" passed="6">
  <reporter-output>
  </reporter-output>
  <suite name="Suite" duration-ms="44441" started-at="2022-05-21T09:36:00 IST" finished-at="2022-05-21T09:36:44 IST">
    <groups>
    </groups>
    <test name="Test" duration-ms="44441" started-at="2022-05-21T09:36:00 IST" finished-at="2022-05-21T09:36:44 IST">
      <class name="org.pomTestCases.LoginTestCase">
        <test-method status="PASS" signature="intializeObjects()[pri:0, instance:org.pomTestCases.LoginTestCase@fad74ee]" name="intializeObjects" is-config="true" duration-ms="29" started-at="2022-05-21T09:36:00 IST" finished-at="2022-05-21T09:36:00 IST">
          <reporter-output>
          </reporter-output>
        </test-method> <!-- intializeObjects -->
        <test-method status="PASS" signature="initializeBrowser()[pri:0, instance:org.pomTestCases.LoginTestCase@fad74ee]" name="initializeBrowser" is-config="true" duration-ms="23704" started-at="2022-05-21T09:36:00 IST" finished-at="2022-05-21T09:36:24 IST">
          <reporter-output>
          </reporter-output>
        </test-method> <!-- initializeBrowser -->
        <test-method status="PASS" signature="login()[pri:0, instance:org.pomTestCases.LoginTestCase@fad74ee]" name="login" duration-ms="10173" started-at="2022-05-21T09:36:24 IST" finished-at="2022-05-21T09:36:34 IST">
          <reporter-output>
          </reporter-output>
        </test-method> <!-- login -->
        <test-method status="PASS" signature="tearDown()[pri:0, instance:org.pomTestCases.LoginTestCase@fad74ee]" name="tearDown" is-config="true" duration-ms="1098" started-at="2022-05-21T09:36:34 IST" finished-at="2022-05-21T09:36:35 IST">
          <reporter-output>
          </reporter-output>
        </test-method> <!-- tearDown -->
        <test-method status="PASS" signature="initializeBrowser()[pri:0, instance:org.pomTestCases.LoginTestCase@fad74ee]" name="initializeBrowser" is-config="true" duration-ms="8262" started-at="2022-05-21T09:36:35 IST" finished-at="2022-05-21T09:36:43 IST">
          <reporter-output>
          </reporter-output>
        </test-method> <!-- initializeBrowser -->
        <test-method status="PASS" signature="verifyLoginPage()[pri:0, instance:org.pomTestCases.LoginTestCase@fad74ee]" name="verifyLoginPage" duration-ms="661" started-at="2022-05-21T09:36:43 IST" finished-at="2022-05-21T09:36:44 IST">
          <reporter-output>
          </reporter-output>
        </test-method> <!-- verifyLoginPage -->
        <test-method status="PASS" signature="tearDown()[pri:0, instance:org.pomTestCases.LoginTestCase@fad74ee]" name="tearDown" is-config="true" duration-ms="435" started-at="2022-05-21T09:36:44 IST" finished-at="2022-05-21T09:36:44 IST">
          <reporter-output>
          </reporter-output>
        </test-method> <!-- tearDown -->
      </class> <!-- org.pomTestCases.LoginTestCase -->
    </test> <!-- Test -->
  </suite> <!-- Suite -->
  <suite name="Suite (0)" duration-ms="17" started-at="2022-05-21T09:36:45 IST" finished-at="2022-05-21T09:36:45 IST">
    <groups>
      <group name="regression">
        <method signature="GroupingEx.test3()[pri:0, instance:org.testNgEx3.GroupingEx@77f99a05]" name="test3" class="org.testNgEx3.GroupingEx"/>
        <method signature="GroupingEx.test5()[pri:0, instance:org.testNgEx3.GroupingEx@77f99a05]" name="test5" class="org.testNgEx3.GroupingEx"/>
      </group> <!-- regression -->
      <group name="UAT">
        <method signature="GroupingEx.test3()[pri:0, instance:org.testNgEx3.GroupingEx@77f99a05]" name="test3" class="org.testNgEx3.GroupingEx"/>
        <method signature="GroupingEx.test7()[pri:0, instance:org.testNgEx3.GroupingEx@77f99a05]" name="test7" class="org.testNgEx3.GroupingEx"/>
      </group> <!-- UAT -->
    </groups>
    <test name="Test" duration-ms="17" started-at="2022-05-21T09:36:45 IST" finished-at="2022-05-21T09:36:45 IST">
      <class name="org.testNgEx3.GroupingEx">
        <test-method status="PASS" signature="test3()[pri:0, instance:org.testNgEx3.GroupingEx@77f99a05]" name="test3" duration-ms="0" started-at="2022-05-21T09:36:45 IST" finished-at="2022-05-21T09:36:45 IST">
          <reporter-output>
          </reporter-output>
        </test-method> <!-- test3 -->
        <test-method status="PASS" signature="test5()[pri:0, instance:org.testNgEx3.GroupingEx@77f99a05]" name="test5" duration-ms="1" started-at="2022-05-21T09:36:45 IST" finished-at="2022-05-21T09:36:45 IST">
          <reporter-output>
          </reporter-output>
        </test-method> <!-- test5 -->
        <test-method status="PASS" signature="test6()[pri:0, instance:org.testNgEx3.GroupingEx@77f99a05]" name="test6" duration-ms="0" started-at="2022-05-21T09:36:45 IST" finished-at="2022-05-21T09:36:45 IST">
          <reporter-output>
          </reporter-output>
        </test-method> <!-- test6 -->
        <test-method status="PASS" signature="test7()[pri:0, instance:org.testNgEx3.GroupingEx@77f99a05]" name="test7" duration-ms="1" started-at="2022-05-21T09:36:45 IST" finished-at="2022-05-21T09:36:45 IST">
          <reporter-output>
          </reporter-output>
        </test-method> <!-- test7 -->
      </class> <!-- org.testNgEx3.GroupingEx -->
    </test> <!-- Test -->
  </suite> <!-- Suite (0) -->
</testng-results>
