<?xml version="1.0" encoding="UTF-8"?>
<!-- Generated by org.testng.reporters.JUnitXMLReporter -->
<testsuite hostname="KiLLeR-PC" ignored="4" name="Test" tests="4" failures="0" timestamp="2022-05-21T09:36:45 IST" time="0.017" errors="0">
  <testcase name="test3" time="0.0" classname="org.testNgEx3.GroupingEx"/>
  <testcase name="test5" time="0.001" classname="org.testNgEx3.GroupingEx"/>
  <testcase name="test6" time="0.0" classname="org.testNgEx3.GroupingEx"/>
  <testcase name="test7" time="0.001" classname="org.testNgEx3.GroupingEx"/>
  <testcase name="test2" time="0.0" classname="org.testNgEx3.GroupingEx">
    <ignored/>
  </testcase> <!-- test2 -->
  <testcase name="test4" time="0.0" classname="org.testNgEx3.GroupingEx">
    <ignored/>
  </testcase> <!-- test4 -->
  <testcase name="test8" time="0.0" classname="org.testNgEx3.GroupingEx">
    <ignored/>
  </testcase> <!-- test8 -->
  <testcase name="test1" time="0.0" classname="org.testNgEx3.GroupingEx">
    <ignored/>
  </testcase> <!-- test1 -->
</testsuite> <!-- Test -->
