<?xml version="1.0" encoding="UTF-8"?>
<testng-results skipped="0" failed="0" ignored="0" total="2" passed="2">
  <reporter-output>
  </reporter-output>
  <suite name="Suite" duration-ms="27363" started-at="2022-05-21T03:51:07Z" finished-at="2022-05-21T03:51:34Z">
    <groups>
    </groups>
    <test name="Test" duration-ms="27363" started-at="2022-05-21T03:51:07Z" finished-at="2022-05-21T03:51:34Z">
      <class name="org.pomTestCases.LoginTestCase">
        <test-method status="PASS" signature="intializeObjects()[pri:0, instance:org.pomTestCases.LoginTestCase@29ca901e]" name="intializeObjects" is-config="true" duration-ms="42" started-at="2022-05-21T09:21:07Z" finished-at="2022-05-21T09:21:07Z">
          <reporter-output>
          </reporter-output>
        </test-method> <!-- intializeObjects -->
        <test-method status="PASS" signature="initializeBrowser()[pri:0, instance:org.pomTestCases.LoginTestCase@29ca901e]" name="initializeBrowser" is-config="true" duration-ms="13544" started-at="2022-05-21T09:21:07Z" finished-at="2022-05-21T09:21:20Z">
          <reporter-output>
          </reporter-output>
        </test-method> <!-- initializeBrowser -->
        <test-method status="PASS" signature="login()[pri:0, instance:org.pomTestCases.LoginTestCase@29ca901e]" name="login" duration-ms="3090" started-at="2022-05-21T09:21:20Z" finished-at="2022-05-21T09:21:23Z">
          <reporter-output>
          </reporter-output>
        </test-method> <!-- login -->
        <test-method status="PASS" signature="tearDown()[pri:0, instance:org.pomTestCases.LoginTestCase@29ca901e]" name="tearDown" is-config="true" duration-ms="409" started-at="2022-05-21T09:21:23Z" finished-at="2022-05-21T09:21:24Z">
          <reporter-output>
          </reporter-output>
        </test-method> <!-- tearDown -->
        <test-method status="PASS" signature="initializeBrowser()[pri:0, instance:org.pomTestCases.LoginTestCase@29ca901e]" name="initializeBrowser" is-config="true" duration-ms="8454" started-at="2022-05-21T09:21:24Z" finished-at="2022-05-21T09:21:32Z">
          <reporter-output>
          </reporter-output>
        </test-method> <!-- initializeBrowser -->
        <test-method status="PASS" signature="verifyLoginPage()[pri:0, instance:org.pomTestCases.LoginTestCase@29ca901e]" name="verifyLoginPage" duration-ms="682" started-at="2022-05-21T09:21:32Z" finished-at="2022-05-21T09:21:33Z">
          <reporter-output>
          </reporter-output>
        </test-method> <!-- verifyLoginPage -->
        <test-method status="PASS" signature="tearDown()[pri:0, instance:org.pomTestCases.LoginTestCase@29ca901e]" name="tearDown" is-config="true" duration-ms="1111" started-at="2022-05-21T09:21:33Z" finished-at="2022-05-21T09:21:34Z">
          <reporter-output>
          </reporter-output>
        </test-method> <!-- tearDown -->
      </class> <!-- org.pomTestCases.LoginTestCase -->
    </test> <!-- Test -->
  </suite> <!-- Suite -->
</testng-results>
